FAIL: sg13g2_sdfbbp_1.ldr is missing pins: VDD, Q, SCD, VSS, Q_N, RESET_B, SET_B, CLK, D, SCE
FAIL: sg13g2_inv_4.ldr is missing pins: VDD, A, Y, VSS
FAIL: sg13g2_and4_2.ldr is missing pins: VDD, VSS, B, X, A, C, D
FAIL: sg13g2_dfrbp_2.ldr is missing pins: VDD, Q, VSS, Q_N, RESET_B, CLK, D
FAIL: sg13g2_or4_1.ldr is missing pins: VDD, VSS, B, X, A, C, D
FAIL: sg13g2_nand3b_1.ldr is missing pins: VDD, A_N, VSS, B, Y, C
FAIL: sg13g2_and3_1.ldr is missing pins: VDD, VSS, B, X, A, C
FAIL: sg13g2_mux4_1.ldr is missing pins: VDD, VSS, A3, X, S1, A0, A2, A1, S0
FAIL: sg13g2_mux2_1.ldr is missing pins: VDD, S, VSS, X, A0, A1
FAIL: sg13g2_a21o_1.ldr is missing pins: VDD, B1, VSS, X, A2, A1
FAIL: sg13g2_nor2b_2.ldr is missing pins: VDD, VSS, B_N, A, Y
FAIL: sg13g2_fill_8.ldr is missing pins: VDD, VSS
FAIL: sg13g2_a22oi_1.ldr is missing pins: VDD, B1, VSS, B2, Y, A2, A1
FAIL: sg13g2_slgcp_1.ldr is missing pins: GATE, VDD, VSS, GCLK, CLK, SCE
FAIL: sg13g2_or2_1.ldr is missing pins: VDD, VSS, B, X, A
FAIL: sg13g2_tiehi.ldr is missing pins: VDD, L_HI, VSS
FAIL: sg13g2_inv_1.ldr is missing pins: VDD, A, Y, VSS
FAIL: sg13g2_fill_4.ldr is missing pins: VDD, VSS
FAIL: sg13g2_dfrbpq_2.ldr is missing pins: VDD, Q, VSS, RESET_B, CLK, D
FAIL: sg13g2_dlygate4sd1_1.ldr is missing pins: VSS, VDD, A, X
FAIL: sg13g2_nor3_1.ldr is missing pins: VDD, VSS, B, A, Y, C
FAIL: sg13g2_xnor2_1.ldr is missing pins: VDD, VSS, B, A, Y
FAIL: sg13g2_buf_4.ldr is missing pins: VSS, VDD, A, X
FAIL: sg13g2_a221oi_1.ldr is missing pins: VDD, B1, C1, VSS, B2, Y, A2, A1
FAIL: sg13g2_decap_8.ldr is missing pins: VDD, VSS
FAIL: sg13g2_ebufn_8.ldr is missing pins: VDD, VSS, A, Z, TE_B
FAIL: sg13g2_inv_8.ldr is missing pins: VDD, A, Y, VSS
FAIL: sg13g2_fill_1.ldr is missing pins: VDD, VSS
FAIL: sg13g2_and3_2.ldr is missing pins: VDD, VSS, B, X, A, C
FAIL: sg13g2_sdfrbpq_2.ldr is missing pins: VDD, Q, SCD, VSS, RESET_B, CLK, D, SCE
FAIL: sg13g2_dlygate4sd3_1.ldr is missing pins: VDD, X, A, VSS
FAIL: sg13g2_sdfrbpq_1.ldr is missing pins: VDD, Q, SCD, VSS, RESET_B, CLK, D, SCE
FAIL: sg13g2_einvn_8.ldr is missing pins: VDD, VSS, A, Z, TE_B
FAIL: sg13g2_fill_2.ldr is missing pins: VDD, VSS
FAIL: sg13g2_dlhr_1.ldr is missing pins: GATE, VDD, Q, VSS, Q_N, RESET_B, D
FAIL: sg13g2_nor2b_1.ldr is missing pins: VDD, VSS, B_N, A, Y
FAIL: sg13g2_dllr_1.ldr is missing pins: VDD, Q, VSS, Q_N, GATE_N, RESET_B, D
FAIL: sg13g2_a21oi_2.ldr is missing pins: VDD, B1, VSS, Y, A2, A1
FAIL: sg13g2_xor2_1.ldr is missing pins: VDD, VSS, B, X, A
FAIL: sg13g2_dfrbp_1.ldr is missing pins: VDD, Q, VSS, Q_N, RESET_B, CLK, D
FAIL: sg13g2_dlhq_1.ldr is missing pins: GATE, VDD, Q, VSS, D
FAIL: sg13g2_dfrbpq_1.ldr is missing pins: VDD, Q, VSS, RESET_B, CLK, D
FAIL: sg13g2_inv_16.ldr is missing pins: VDD, A, Y, VSS
FAIL: sg13g2_nand2_2.ldr is missing pins: VDD, VSS, B, A, Y
FAIL: sg13g2_a21o_2.ldr is missing pins: VDD, B1, VSS, X, A2, A1
FAIL: sg13g2_nor2_1.ldr is missing pins: VDD, VSS, B, A, Y
FAIL: sg13g2_nor4_1.ldr is missing pins: VDD, VSS, B, A, Y, C, D
FAIL: sg13g2_ebufn_2.ldr is missing pins: VDD, VSS, A, Z, TE_B
FAIL: sg13g2_nand3_1.ldr is missing pins: VDD, VSS, B, A, Y, C
FAIL: sg13g2_or3_1.ldr is missing pins: VDD, VSS, B, X, A, C
FAIL: sg13g2_buf_2.ldr is missing pins: VSS, VDD, A, X
FAIL: sg13g2_nor3_2.ldr is missing pins: VDD, VSS, B, A, Y, C
FAIL: sg13g2_sdfrbp_1.ldr is missing pins: VDD, SCD, Q, VSS, Q_N, RESET_B, CLK, D, SCE
FAIL: sg13g2_ebufn_4.ldr is missing pins: VDD, VSS, A, Z, TE_B
FAIL: sg13g2_nand2b_1.ldr is missing pins: VDD, A_N, VSS, B, Y
FAIL: sg13g2_sdfrbp_2.ldr is missing pins: VDD, SCD, Q, VSS, Q_N, RESET_B, CLK, D, SCE
FAIL: sg13g2_nand2b_2.ldr is missing pins: VDD, A_N, VSS, B, Y
FAIL: sg13g2_and2_1.ldr is missing pins: VDD, VSS, B, X, A
FAIL: sg13g2_lgcp_1.ldr is missing pins: GATE, VDD, VSS, GCLK, CLK
FAIL: sg13g2_buf_1.ldr is missing pins: VSS, VDD, A, X
FAIL: sg13g2_dllrq_1.ldr is missing pins: VDD, Q, VSS, GATE_N, RESET_B, D
FAIL: sg13g2_a21oi_1.ldr is missing pins: VDD, B1, VSS, Y, A2, A1
FAIL: sg13g2_nor4_2.ldr is missing pins: VDD, VSS, B, A, Y, C, D
FAIL: sg13g2_einvn_2.ldr is missing pins: VDD, VSS, A, Z, TE_B
FAIL: sg13g2_or2_2.ldr is missing pins: VDD, VSS, B, X, A
FAIL: sg13g2_dlygate4sd2_1.ldr is missing pins: VSS, VDD, A, X
FAIL: sg13g2_and4_1.ldr is missing pins: VDD, VSS, B, X, A, C, D
FAIL: sg13g2_nand4_1.ldr is missing pins: VDD, VSS, B, A, Y, C, D
FAIL: sg13g2_antennanp.ldr is missing pins: VDD, A, VSS
FAIL: sg13g2_or3_2.ldr is missing pins: VDD, VSS, B, X, A, C
FAIL: sg13g2_buf_8.ldr is missing pins: VSS, VDD, A, X
FAIL: sg13g2_sighold.ldr is missing pins: SH, VDD, VSS
FAIL: sg13g2_buf_16.ldr is missing pins: VSS, VDD, A, X
FAIL: sg13g2_nor2_2.ldr is missing pins: VDD, VSS, B, A, Y
FAIL: sg13g2_mux2_2.ldr is missing pins: VDD, S, VSS, X, A0, A1
FAIL: sg13g2_nand2_1.ldr is missing pins: VDD, VSS, B, A, Y
FAIL: sg13g2_o21ai_1.ldr is missing pins: VDD, B1, VSS, Y, A2, A1
FAIL: sg13g2_and2_2.ldr is missing pins: VDD, VSS, B, X, A
FAIL: sg13g2_einvn_4.ldr is missing pins: VDD, VSS, A, Z, TE_B
FAIL: sg13g2_dlhrq_1.ldr is missing pins: GATE, VDD, Q, VSS, RESET_B, D
FAIL: sg13g2_tielo.ldr is missing pins: L_LO, VDD, VSS
FAIL: sg13g2_inv_2.ldr is missing pins: VDD, A, Y, VSS
FAIL: sg13g2_decap_4.ldr is missing pins: VDD, VSS
FAIL: sg13g2_or4_2.ldr is missing pins: VDD, VSS, B, X, A, C, D
